C51 COMPILER V9.60.7.0   MAIN                                                              09/01/2025 13:42:22 PAGE 1   


C51 COMPILER V9.60.7.0, COMPILATION OF MODULE MAIN
OBJECT MODULE PLACED IN .\Objects\main.obj
COMPILER INVOKED BY: C:\Keil_v5\C51\BIN\C51.EXE main.c LARGE OPTIMIZE(8,SPEED) BROWSE INCDIR(..\Include;..\Common;..\Sta
                    -rtup;..\Startup) DEFINE(FOSC_160000) DEBUG OBJECTEXTEND PRINT(.\Listings\main.lst) TABS(2) OBJECT(.\Objects\main.obj)

line level    source

   1          /*
   2              BY JUNAID ALAM
   3              LEANING NUVOTON FROM BASIC 
   4              8051 ARCHITECHTURE
   5          */
   6          // INCLUDING LIBRARY
   7          
   8          #include "N76E003.h"
   9          #include "SFR_Macro.h"
  10          #include "Function_define.h"
  11          #include "Common.h"
  12          #include "Delay.h"
  13          #include <N76E003.H>
  14          #define delay_ms(x) Timer2_Delay500us(x*2)// USING TIMER2 FOR DELAY 
  15          
  16          
  17          
  18          void main(void)
  19          {
  20   1        P10_PushPull_Mode;// DEFINE P10 OUTPUT
  21   1        P04_Input_Mode;   // DEFINE P01 INPUT
  22   1        
  23   1        while(1)// infinite loop
  24   1        {
  25   2          if(P01==1)// BUTTON PRESSED
  26   2          {
  27   3            P10=1; // LED ON 
  28   3          }
  29   2          else // BUTTON IS NOR PRESSED
  30   2          {
  31   3            P10=0;// LED OFF
  32   3          }
  33   2          delay_ms(50);// ADDING SMALL DELAY FOR AVOIDING WRONG ACTION
  34   2        }                 
  35   1      }
  36          /*
  37              HARDWARE DISCRIPTION
  38              CONNECT PIN NO 7 TO GROUNG
  39              CONNECT PIN NO 9 TO 5V POSITIVE 
  40              CONNECT LED ANODE TO PIN NO 15
  41              CONNECT LED CATHODE TO GROUND
  42          
  43              BUTTON CONNECTION;
  44              5V----------BUTTON-----------PIN NO 1
  45                                     |
  46                                     |
  47                                    10K RES
  48                                     |
  49                                     |
  50                                    GND
  51             PULL DOWN RESISTANCE IS VERY IMPROTANT
  52          */


C51 COMPILER V9.60.7.0   MAIN                                                              09/01/2025 13:42:22 PAGE 2   

MODULE INFORMATION:   STATIC OVERLAYABLE
   CODE SIZE        =     34    ----
   CONSTANT SIZE    =   ----    ----
   XDATA SIZE       =   ----    ----
   PDATA SIZE       =   ----    ----
   DATA SIZE        =   ----    ----
   IDATA SIZE       =   ----    ----
   BIT SIZE         =   ----    ----
END OF MODULE INFORMATION.


C51 COMPILATION COMPLETE.  0 WARNING(S),  0 ERROR(S)
